20160123091848 0    [main] INFO  com.tiancheng.mobilefront.utils.FeiMaNumCode.get599PhoneNum(FeiMaNumCode.java:65)  - phonenum=False:信息不完整!
20160123091853 5000 [Thread-1] INFO  com.tiancheng.mobilefront.utils.FeiMaMyThread.run(FeiMaNumCode.java:116)  - 原始队列里的内容为：
20160123091853 5000 [Thread-1] INFO  com.tiancheng.mobilefront.utils.FeiMaMyThread.run(FeiMaNumCode.java:149)  - codeMap里面的内容为
20160123091859 10317 [Thread-1] INFO  com.tiancheng.mobilefront.utils.FeiMaMyThread.run(FeiMaNumCode.java:116)  - 原始队列里的内容为：
20160123091859 10317 [Thread-1] INFO  com.tiancheng.mobilefront.utils.FeiMaMyThread.run(FeiMaNumCode.java:149)  - codeMap里面的内容为
20160123091904 15859 [Thread-1] INFO  com.tiancheng.mobilefront.utils.FeiMaMyThread.run(FeiMaNumCode.java:116)  - 原始队列里的内容为：
20160123091904 15866 [Thread-1] INFO  com.tiancheng.mobilefront.utils.FeiMaMyThread.run(FeiMaNumCode.java:149)  - codeMap里面的内容为
20160123091909 21149 [Thread-1] INFO  com.tiancheng.mobilefront.utils.FeiMaMyThread.run(FeiMaNumCode.java:116)  - 原始队列里的内容为：
20160123091909 21150 [Thread-1] INFO  com.tiancheng.mobilefront.utils.FeiMaMyThread.run(FeiMaNumCode.java:149)  - codeMap里面的内容为
20160123092016 0    [main] INFO  com.tiancheng.mobilefront.utils.FeiMaNumCode.get599PhoneNum(FeiMaNumCode.java:65)  - phonenum=13284584263;
20160123092021 5017 [Thread-1] INFO  com.tiancheng.mobilefront.utils.FeiMaMyThread.run(FeiMaNumCode.java:116)  - 原始队列里的内容为：
20160123092021 5018 [Thread-1] INFO  com.tiancheng.mobilefront.utils.FeiMaMyThread.run(FeiMaNumCode.java:149)  - codeMap里面的内容为
20160123092027 10272 [Thread-1] INFO  com.tiancheng.mobilefront.utils.FeiMaMyThread.run(FeiMaNumCode.java:116)  - 原始队列里的内容为：
20160123092027 10272 [Thread-1] INFO  com.tiancheng.mobilefront.utils.FeiMaMyThread.run(FeiMaNumCode.java:149)  - codeMap里面的内容为
20160123092142 1    [main] INFO  com.tiancheng.mobilefront.utils.FeiMaNumCode.get599PhoneNum(FeiMaNumCode.java:65)  - phonenum=False:余额不足，请先释放号码
20160123092146 4817 [Thread-1] INFO  com.tiancheng.mobilefront.utils.FeiMaMyThread.run(FeiMaNumCode.java:116)  - 原始队列里的内容为：NOTION&针对平台近期出现不法分子攻击,已经恢复正常使用,谢谢大家的支持与理解 .有问题联系客服QQ:89918376 ,89918377[End]
20160123092146 4817 [Thread-1] INFO  com.tiancheng.mobilefront.utils.FeiMaMyThread.run(FeiMaNumCode.java:149)  - codeMap里面的内容为
20160123092152 10280 [Thread-1] INFO  com.tiancheng.mobilefront.utils.FeiMaMyThread.run(FeiMaNumCode.java:116)  - 原始队列里的内容为：Null
20160123092152 10281 [Thread-1] INFO  com.tiancheng.mobilefront.utils.FeiMaMyThread.run(FeiMaNumCode.java:149)  - codeMap里面的内容为
20160123092157 15528 [Thread-1] INFO  com.tiancheng.mobilefront.utils.FeiMaMyThread.run(FeiMaNumCode.java:116)  - 原始队列里的内容为：Null
20160123092157 15531 [Thread-1] INFO  com.tiancheng.mobilefront.utils.FeiMaMyThread.run(FeiMaNumCode.java:149)  - codeMap里面的内容为
20160123092202 20780 [Thread-1] INFO  com.tiancheng.mobilefront.utils.FeiMaMyThread.run(FeiMaNumCode.java:116)  - 原始队列里的内容为：Null
20160123092202 20781 [Thread-1] INFO  com.tiancheng.mobilefront.utils.FeiMaMyThread.run(FeiMaNumCode.java:149)  - codeMap里面的内容为
20160123092208 26063 [Thread-1] INFO  com.tiancheng.mobilefront.utils.FeiMaMyThread.run(FeiMaNumCode.java:116)  - 原始队列里的内容为：Null
20160123092208 26063 [Thread-1] INFO  com.tiancheng.mobilefront.utils.FeiMaMyThread.run(FeiMaNumCode.java:149)  - codeMap里面的内容为
20160123092213 31579 [Thread-1] INFO  com.tiancheng.mobilefront.utils.FeiMaMyThread.run(FeiMaNumCode.java:116)  - 原始队列里的内容为：Null
20160123092213 31580 [Thread-1] INFO  com.tiancheng.mobilefront.utils.FeiMaMyThread.run(FeiMaNumCode.java:149)  - codeMap里面的内容为
20160123092219 36957 [Thread-1] INFO  com.tiancheng.mobilefront.utils.FeiMaMyThread.run(FeiMaNumCode.java:116)  - 原始队列里的内容为：Null
20160123092219 36957 [Thread-1] INFO  com.tiancheng.mobilefront.utils.FeiMaMyThread.run(FeiMaNumCode.java:149)  - codeMap里面的内容为
20160123092224 42215 [Thread-1] INFO  com.tiancheng.mobilefront.utils.FeiMaMyThread.run(FeiMaNumCode.java:116)  - 原始队列里的内容为：Null
20160123092224 42217 [Thread-1] INFO  com.tiancheng.mobilefront.utils.FeiMaMyThread.run(FeiMaNumCode.java:149)  - codeMap里面的内容为
20160123092427 0    [main] INFO  com.tiancheng.mobilefront.utils.FeiMaNumCode.get599PhoneNum(FeiMaNumCode.java:65)  - phonenum=False:Session 过期
20160123092432 4998 [Thread-1] INFO  com.tiancheng.mobilefront.utils.FeiMaMyThread.run(FeiMaNumCode.java:116)  - 原始队列里的内容为：False:Session 过期
20160123092754 0    [main] INFO  com.tiancheng.mobilefront.utils.FeiMaNumCode.get599PhoneNum(FeiMaNumCode.java:65)  - phonenum=15592762249;
20160123092759 4973 [Thread-1] INFO  com.tiancheng.mobilefront.utils.FeiMaMyThread.run(FeiMaNumCode.java:123)  - 原始队列里的内容为：NOTION&针对平台近期出现不法分子攻击,已经恢复正常使用,谢谢大家的支持与理解 .有问题联系客服QQ:89918376 ,89918377[End]
20160123092759 4974 [Thread-1] INFO  com.tiancheng.mobilefront.utils.FeiMaMyThread.run(FeiMaNumCode.java:156)  - codeMap里面的内容为
20160123092804 10213 [Thread-1] INFO  com.tiancheng.mobilefront.utils.FeiMaMyThread.run(FeiMaNumCode.java:123)  - 原始队列里的内容为：Null
20160123092804 10213 [Thread-1] INFO  com.tiancheng.mobilefront.utils.FeiMaMyThread.run(FeiMaNumCode.java:156)  - codeMap里面的内容为
20160123092810 15657 [Thread-1] INFO  com.tiancheng.mobilefront.utils.FeiMaMyThread.run(FeiMaNumCode.java:123)  - 原始队列里的内容为：Null
20160123092810 15659 [Thread-1] INFO  com.tiancheng.mobilefront.utils.FeiMaMyThread.run(FeiMaNumCode.java:156)  - codeMap里面的内容为
20160123092815 21020 [Thread-1] INFO  com.tiancheng.mobilefront.utils.FeiMaMyThread.run(FeiMaNumCode.java:123)  - 原始队列里的内容为：Null
20160123092815 21021 [Thread-1] INFO  com.tiancheng.mobilefront.utils.FeiMaMyThread.run(FeiMaNumCode.java:156)  - codeMap里面的内容为
20160123092820 26259 [Thread-1] INFO  com.tiancheng.mobilefront.utils.FeiMaMyThread.run(FeiMaNumCode.java:123)  - 原始队列里的内容为：Null
20160123092820 26259 [Thread-1] INFO  com.tiancheng.mobilefront.utils.FeiMaMyThread.run(FeiMaNumCode.java:156)  - codeMap里面的内容为
20160123092826 31520 [Thread-1] INFO  com.tiancheng.mobilefront.utils.FeiMaMyThread.run(FeiMaNumCode.java:123)  - 原始队列里的内容为：Null
20160123092826 31520 [Thread-1] INFO  com.tiancheng.mobilefront.utils.FeiMaMyThread.run(FeiMaNumCode.java:156)  - codeMap里面的内容为
20160123092831 36772 [Thread-1] INFO  com.tiancheng.mobilefront.utils.FeiMaMyThread.run(FeiMaNumCode.java:123)  - 原始队列里的内容为：Null
20160123092831 36772 [Thread-1] INFO  com.tiancheng.mobilefront.utils.FeiMaMyThread.run(FeiMaNumCode.java:156)  - codeMap里面的内容为
20160123092836 42028 [Thread-1] INFO  com.tiancheng.mobilefront.utils.FeiMaMyThread.run(FeiMaNumCode.java:123)  - 原始队列里的内容为：Null
20160123092836 42030 [Thread-1] INFO  com.tiancheng.mobilefront.utils.FeiMaMyThread.run(FeiMaNumCode.java:156)  - codeMap里面的内容为
20160123092841 47315 [Thread-1] INFO  com.tiancheng.mobilefront.utils.FeiMaMyThread.run(FeiMaNumCode.java:123)  - 原始队列里的内容为：Null
20160123092841 47315 [Thread-1] INFO  com.tiancheng.mobilefront.utils.FeiMaMyThread.run(FeiMaNumCode.java:156)  - codeMap里面的内容为
20160123092847 52579 [Thread-1] INFO  com.tiancheng.mobilefront.utils.FeiMaMyThread.run(FeiMaNumCode.java:123)  - 原始队列里的内容为：Null
20160123092847 52580 [Thread-1] INFO  com.tiancheng.mobilefront.utils.FeiMaMyThread.run(FeiMaNumCode.java:156)  - codeMap里面的内容为
20160123092852 57821 [Thread-1] INFO  com.tiancheng.mobilefront.utils.FeiMaMyThread.run(FeiMaNumCode.java:123)  - 原始队列里的内容为：Null
20160123092852 57822 [Thread-1] INFO  com.tiancheng.mobilefront.utils.FeiMaMyThread.run(FeiMaNumCode.java:156)  - codeMap里面的内容为
20160123092857 63052 [Thread-1] INFO  com.tiancheng.mobilefront.utils.FeiMaMyThread.run(FeiMaNumCode.java:123)  - 原始队列里的内容为：Null
20160123092857 63052 [Thread-1] INFO  com.tiancheng.mobilefront.utils.FeiMaMyThread.run(FeiMaNumCode.java:156)  - codeMap里面的内容为
20160123092902 68286 [Thread-1] INFO  com.tiancheng.mobilefront.utils.FeiMaMyThread.run(FeiMaNumCode.java:123)  - 原始队列里的内容为：Null
20160123092902 68287 [Thread-1] INFO  com.tiancheng.mobilefront.utils.FeiMaMyThread.run(FeiMaNumCode.java:156)  - codeMap里面的内容为
20160123092908 73597 [Thread-1] INFO  com.tiancheng.mobilefront.utils.FeiMaMyThread.run(FeiMaNumCode.java:123)  - 原始队列里的内容为：Null
20160123092908 73597 [Thread-1] INFO  com.tiancheng.mobilefront.utils.FeiMaMyThread.run(FeiMaNumCode.java:156)  - codeMap里面的内容为
20160123092913 78836 [Thread-1] INFO  com.tiancheng.mobilefront.utils.FeiMaMyThread.run(FeiMaNumCode.java:123)  - 原始队列里的内容为：Null
20160123092913 78837 [Thread-1] INFO  com.tiancheng.mobilefront.utils.FeiMaMyThread.run(FeiMaNumCode.java:156)  - codeMap里面的内容为
20160123092918 84092 [Thread-1] INFO  com.tiancheng.mobilefront.utils.FeiMaMyThread.run(FeiMaNumCode.java:123)  - 原始队列里的内容为：Null
20160123092918 84092 [Thread-1] INFO  com.tiancheng.mobilefront.utils.FeiMaMyThread.run(FeiMaNumCode.java:156)  - codeMap里面的内容为
20160123092924 89398 [Thread-1] INFO  com.tiancheng.mobilefront.utils.FeiMaMyThread.run(FeiMaNumCode.java:123)  - 原始队列里的内容为：Null
20160123092924 89399 [Thread-1] INFO  com.tiancheng.mobilefront.utils.FeiMaMyThread.run(FeiMaNumCode.java:156)  - codeMap里面的内容为
20160123092929 94646 [Thread-1] INFO  com.tiancheng.mobilefront.utils.FeiMaMyThread.run(FeiMaNumCode.java:123)  - 原始队列里的内容为：Null
20160123092929 94646 [Thread-1] INFO  com.tiancheng.mobilefront.utils.FeiMaMyThread.run(FeiMaNumCode.java:156)  - codeMap里面的内容为
20160123092934 99956 [Thread-1] INFO  com.tiancheng.mobilefront.utils.FeiMaMyThread.run(FeiMaNumCode.java:123)  - 原始队列里的内容为：Null
20160123092934 99956 [Thread-1] INFO  com.tiancheng.mobilefront.utils.FeiMaMyThread.run(FeiMaNumCode.java:156)  - codeMap里面的内容为
20160123092939 105203 [Thread-1] INFO  com.tiancheng.mobilefront.utils.FeiMaMyThread.run(FeiMaNumCode.java:123)  - 原始队列里的内容为：Null
20160123092939 105203 [Thread-1] INFO  com.tiancheng.mobilefront.utils.FeiMaMyThread.run(FeiMaNumCode.java:156)  - codeMap里面的内容为
20160123092945 110434 [Thread-1] INFO  com.tiancheng.mobilefront.utils.FeiMaMyThread.run(FeiMaNumCode.java:123)  - 原始队列里的内容为：Null
20160123092945 110434 [Thread-1] INFO  com.tiancheng.mobilefront.utils.FeiMaMyThread.run(FeiMaNumCode.java:156)  - codeMap里面的内容为
20160123092950 115678 [Thread-1] INFO  com.tiancheng.mobilefront.utils.FeiMaMyThread.run(FeiMaNumCode.java:123)  - 原始队列里的内容为：Null
20160123092950 115678 [Thread-1] INFO  com.tiancheng.mobilefront.utils.FeiMaMyThread.run(FeiMaNumCode.java:156)  - codeMap里面的内容为
20160123092955 120940 [Thread-1] INFO  com.tiancheng.mobilefront.utils.FeiMaMyThread.run(FeiMaNumCode.java:123)  - 原始队列里的内容为：Null
20160123092955 120941 [Thread-1] INFO  com.tiancheng.mobilefront.utils.FeiMaMyThread.run(FeiMaNumCode.java:156)  - codeMap里面的内容为
20160123093000 126208 [Thread-1] INFO  com.tiancheng.mobilefront.utils.FeiMaMyThread.run(FeiMaNumCode.java:123)  - 原始队列里的内容为：Null
20160123093000 126209 [Thread-1] INFO  com.tiancheng.mobilefront.utils.FeiMaMyThread.run(FeiMaNumCode.java:156)  - codeMap里面的内容为
20160123093006 131461 [Thread-1] INFO  com.tiancheng.mobilefront.utils.FeiMaMyThread.run(FeiMaNumCode.java:123)  - 原始队列里的内容为：Null
20160123093006 131461 [Thread-1] INFO  com.tiancheng.mobilefront.utils.FeiMaMyThread.run(FeiMaNumCode.java:156)  - codeMap里面的内容为
20160123093011 136945 [Thread-1] INFO  com.tiancheng.mobilefront.utils.FeiMaMyThread.run(FeiMaNumCode.java:123)  - 原始队列里的内容为：Null
20160123093011 136945 [Thread-1] INFO  com.tiancheng.mobilefront.utils.FeiMaMyThread.run(FeiMaNumCode.java:156)  - codeMap里面的内容为
20160123093017 142329 [Thread-1] INFO  com.tiancheng.mobilefront.utils.FeiMaMyThread.run(FeiMaNumCode.java:123)  - 原始队列里的内容为：Null
20160123093017 142330 [Thread-1] INFO  com.tiancheng.mobilefront.utils.FeiMaMyThread.run(FeiMaNumCode.java:156)  - codeMap里面的内容为
20160123093022 147578 [Thread-1] INFO  com.tiancheng.mobilefront.utils.FeiMaMyThread.run(FeiMaNumCode.java:123)  - 原始队列里的内容为：Null
20160123093022 147578 [Thread-1] INFO  com.tiancheng.mobilefront.utils.FeiMaMyThread.run(FeiMaNumCode.java:156)  - codeMap里面的内容为
20160123093027 152849 [Thread-1] INFO  com.tiancheng.mobilefront.utils.FeiMaMyThread.run(FeiMaNumCode.java:123)  - 原始队列里的内容为：Null
20160123093027 152850 [Thread-1] INFO  com.tiancheng.mobilefront.utils.FeiMaMyThread.run(FeiMaNumCode.java:156)  - codeMap里面的内容为
20160123093032 158101 [Thread-1] INFO  com.tiancheng.mobilefront.utils.FeiMaMyThread.run(FeiMaNumCode.java:123)  - 原始队列里的内容为：Null
20160123093032 158101 [Thread-1] INFO  com.tiancheng.mobilefront.utils.FeiMaMyThread.run(FeiMaNumCode.java:156)  - codeMap里面的内容为
20160123093038 163404 [Thread-1] INFO  com.tiancheng.mobilefront.utils.FeiMaMyThread.run(FeiMaNumCode.java:123)  - 原始队列里的内容为：Null
20160123093038 163404 [Thread-1] INFO  com.tiancheng.mobilefront.utils.FeiMaMyThread.run(FeiMaNumCode.java:156)  - codeMap里面的内容为
20160123093043 168647 [Thread-1] INFO  com.tiancheng.mobilefront.utils.FeiMaMyThread.run(FeiMaNumCode.java:123)  - 原始队列里的内容为：Null
20160123093043 168647 [Thread-1] INFO  com.tiancheng.mobilefront.utils.FeiMaMyThread.run(FeiMaNumCode.java:156)  - codeMap里面的内容为
20160123093048 173870 [Thread-1] INFO  com.tiancheng.mobilefront.utils.FeiMaMyThread.run(FeiMaNumCode.java:123)  - 原始队列里的内容为：Null
20160123093048 173870 [Thread-1] INFO  com.tiancheng.mobilefront.utils.FeiMaMyThread.run(FeiMaNumCode.java:156)  - codeMap里面的内容为
20160123093053 179121 [Thread-1] INFO  com.tiancheng.mobilefront.utils.FeiMaMyThread.run(FeiMaNumCode.java:123)  - 原始队列里的内容为：Null
20160123093053 179121 [Thread-1] INFO  com.tiancheng.mobilefront.utils.FeiMaMyThread.run(FeiMaNumCode.java:156)  - codeMap里面的内容为
20160123093059 184422 [Thread-1] INFO  com.tiancheng.mobilefront.utils.FeiMaMyThread.run(FeiMaNumCode.java:123)  - 原始队列里的内容为：Null
20160123093059 184423 [Thread-1] INFO  com.tiancheng.mobilefront.utils.FeiMaMyThread.run(FeiMaNumCode.java:156)  - codeMap里面的内容为
20160123093104 189668 [Thread-1] INFO  com.tiancheng.mobilefront.utils.FeiMaMyThread.run(FeiMaNumCode.java:123)  - 原始队列里的内容为：Null
20160123093104 189668 [Thread-1] INFO  com.tiancheng.mobilefront.utils.FeiMaMyThread.run(FeiMaNumCode.java:156)  - codeMap里面的内容为
20160123093109 194965 [Thread-1] INFO  com.tiancheng.mobilefront.utils.FeiMaMyThread.run(FeiMaNumCode.java:123)  - 原始队列里的内容为：Null
20160123093109 194965 [Thread-1] INFO  com.tiancheng.mobilefront.utils.FeiMaMyThread.run(FeiMaNumCode.java:156)  - codeMap里面的内容为
20160123093114 200221 [Thread-1] INFO  com.tiancheng.mobilefront.utils.FeiMaMyThread.run(FeiMaNumCode.java:123)  - 原始队列里的内容为：Null
20160123093114 200221 [Thread-1] INFO  com.tiancheng.mobilefront.utils.FeiMaMyThread.run(FeiMaNumCode.java:156)  - codeMap里面的内容为
20160123093120 205479 [Thread-1] INFO  com.tiancheng.mobilefront.utils.FeiMaMyThread.run(FeiMaNumCode.java:123)  - 原始队列里的内容为：Null
20160123093120 205479 [Thread-1] INFO  com.tiancheng.mobilefront.utils.FeiMaMyThread.run(FeiMaNumCode.java:156)  - codeMap里面的内容为
20160123093125 210712 [Thread-1] INFO  com.tiancheng.mobilefront.utils.FeiMaMyThread.run(FeiMaNumCode.java:123)  - 原始队列里的内容为：Null
20160123093125 210712 [Thread-1] INFO  com.tiancheng.mobilefront.utils.FeiMaMyThread.run(FeiMaNumCode.java:156)  - codeMap里面的内容为
20160123093130 215961 [Thread-1] INFO  com.tiancheng.mobilefront.utils.FeiMaMyThread.run(FeiMaNumCode.java:123)  - 原始队列里的内容为：Null
20160123093130 215961 [Thread-1] INFO  com.tiancheng.mobilefront.utils.FeiMaMyThread.run(FeiMaNumCode.java:156)  - codeMap里面的内容为
20160123093136 221386 [Thread-1] INFO  com.tiancheng.mobilefront.utils.FeiMaMyThread.run(FeiMaNumCode.java:123)  - 原始队列里的内容为：Null
20160123093136 221386 [Thread-1] INFO  com.tiancheng.mobilefront.utils.FeiMaMyThread.run(FeiMaNumCode.java:156)  - codeMap里面的内容为
20160123093141 226640 [Thread-1] INFO  com.tiancheng.mobilefront.utils.FeiMaMyThread.run(FeiMaNumCode.java:123)  - 原始队列里的内容为：Null
20160123093141 226640 [Thread-1] INFO  com.tiancheng.mobilefront.utils.FeiMaMyThread.run(FeiMaNumCode.java:156)  - codeMap里面的内容为
20160123093146 231872 [Thread-1] INFO  com.tiancheng.mobilefront.utils.FeiMaMyThread.run(FeiMaNumCode.java:123)  - 原始队列里的内容为：Null
20160123093146 231872 [Thread-1] INFO  com.tiancheng.mobilefront.utils.FeiMaMyThread.run(FeiMaNumCode.java:156)  - codeMap里面的内容为
20160123093151 237122 [Thread-1] INFO  com.tiancheng.mobilefront.utils.FeiMaMyThread.run(FeiMaNumCode.java:123)  - 原始队列里的内容为：Null
20160123093151 237123 [Thread-1] INFO  com.tiancheng.mobilefront.utils.FeiMaMyThread.run(FeiMaNumCode.java:156)  - codeMap里面的内容为
20160123093157 242370 [Thread-1] INFO  com.tiancheng.mobilefront.utils.FeiMaMyThread.run(FeiMaNumCode.java:123)  - 原始队列里的内容为：Null
20160123093157 242371 [Thread-1] INFO  com.tiancheng.mobilefront.utils.FeiMaMyThread.run(FeiMaNumCode.java:156)  - codeMap里面的内容为
20160123093202 247633 [Thread-1] INFO  com.tiancheng.mobilefront.utils.FeiMaMyThread.run(FeiMaNumCode.java:123)  - 原始队列里的内容为：Null
20160123093202 247633 [Thread-1] INFO  com.tiancheng.mobilefront.utils.FeiMaMyThread.run(FeiMaNumCode.java:156)  - codeMap里面的内容为
20160123093207 252935 [Thread-1] INFO  com.tiancheng.mobilefront.utils.FeiMaMyThread.run(FeiMaNumCode.java:123)  - 原始队列里的内容为：Null
20160123093207 252935 [Thread-1] INFO  com.tiancheng.mobilefront.utils.FeiMaMyThread.run(FeiMaNumCode.java:156)  - codeMap里面的内容为
20160123093212 258202 [Thread-1] INFO  com.tiancheng.mobilefront.utils.FeiMaMyThread.run(FeiMaNumCode.java:123)  - 原始队列里的内容为：Null
20160123093212 258203 [Thread-1] INFO  com.tiancheng.mobilefront.utils.FeiMaMyThread.run(FeiMaNumCode.java:156)  - codeMap里面的内容为
20160123093218 263472 [Thread-1] INFO  com.tiancheng.mobilefront.utils.FeiMaMyThread.run(FeiMaNumCode.java:123)  - 原始队列里的内容为：Null
20160123093218 263472 [Thread-1] INFO  com.tiancheng.mobilefront.utils.FeiMaMyThread.run(FeiMaNumCode.java:156)  - codeMap里面的内容为
20160123093223 269262 [Thread-1] INFO  com.tiancheng.mobilefront.utils.FeiMaMyThread.run(FeiMaNumCode.java:123)  - 原始队列里的内容为：Null
20160123093223 269263 [Thread-1] INFO  com.tiancheng.mobilefront.utils.FeiMaMyThread.run(FeiMaNumCode.java:156)  - codeMap里面的内容为
20160123093229 274500 [Thread-1] INFO  com.tiancheng.mobilefront.utils.FeiMaMyThread.run(FeiMaNumCode.java:123)  - 原始队列里的内容为：Null
20160123093229 274500 [Thread-1] INFO  com.tiancheng.mobilefront.utils.FeiMaMyThread.run(FeiMaNumCode.java:156)  - codeMap里面的内容为
20160123093234 279768 [Thread-1] INFO  com.tiancheng.mobilefront.utils.FeiMaMyThread.run(FeiMaNumCode.java:123)  - 原始队列里的内容为：Null
20160123093234 279769 [Thread-1] INFO  com.tiancheng.mobilefront.utils.FeiMaMyThread.run(FeiMaNumCode.java:156)  - codeMap里面的内容为
20160123093239 285029 [Thread-1] INFO  com.tiancheng.mobilefront.utils.FeiMaMyThread.run(FeiMaNumCode.java:123)  - 原始队列里的内容为：Null
20160123093239 285029 [Thread-1] INFO  com.tiancheng.mobilefront.utils.FeiMaMyThread.run(FeiMaNumCode.java:156)  - codeMap里面的内容为
20160123093244 290268 [Thread-1] INFO  com.tiancheng.mobilefront.utils.FeiMaMyThread.run(FeiMaNumCode.java:123)  - 原始队列里的内容为：Null
20160123093244 290268 [Thread-1] INFO  com.tiancheng.mobilefront.utils.FeiMaMyThread.run(FeiMaNumCode.java:156)  - codeMap里面的内容为
20160123093250 295522 [Thread-1] INFO  com.tiancheng.mobilefront.utils.FeiMaMyThread.run(FeiMaNumCode.java:123)  - 原始队列里的内容为：Null
20160123093250 295523 [Thread-1] INFO  com.tiancheng.mobilefront.utils.FeiMaMyThread.run(FeiMaNumCode.java:156)  - codeMap里面的内容为
20160123093255 300768 [Thread-1] INFO  com.tiancheng.mobilefront.utils.FeiMaMyThread.run(FeiMaNumCode.java:123)  - 原始队列里的内容为：Null
20160123093255 300768 [Thread-1] INFO  com.tiancheng.mobilefront.utils.FeiMaMyThread.run(FeiMaNumCode.java:156)  - codeMap里面的内容为
20160123093300 306021 [Thread-1] INFO  com.tiancheng.mobilefront.utils.FeiMaMyThread.run(FeiMaNumCode.java:123)  - 原始队列里的内容为：Null
20160123093300 306022 [Thread-1] INFO  com.tiancheng.mobilefront.utils.FeiMaMyThread.run(FeiMaNumCode.java:156)  - codeMap里面的内容为
20160123093305 311288 [Thread-1] INFO  com.tiancheng.mobilefront.utils.FeiMaMyThread.run(FeiMaNumCode.java:123)  - 原始队列里的内容为：Null
20160123093305 311288 [Thread-1] INFO  com.tiancheng.mobilefront.utils.FeiMaMyThread.run(FeiMaNumCode.java:156)  - codeMap里面的内容为
20160123093311 316533 [Thread-1] INFO  com.tiancheng.mobilefront.utils.FeiMaMyThread.run(FeiMaNumCode.java:123)  - 原始队列里的内容为：Null
20160123093311 316533 [Thread-1] INFO  com.tiancheng.mobilefront.utils.FeiMaMyThread.run(FeiMaNumCode.java:156)  - codeMap里面的内容为
20160123093316 321770 [Thread-1] INFO  com.tiancheng.mobilefront.utils.FeiMaMyThread.run(FeiMaNumCode.java:123)  - 原始队列里的内容为：Null
20160123093316 321770 [Thread-1] INFO  com.tiancheng.mobilefront.utils.FeiMaMyThread.run(FeiMaNumCode.java:156)  - codeMap里面的内容为
20160123093321 327012 [Thread-1] INFO  com.tiancheng.mobilefront.utils.FeiMaMyThread.run(FeiMaNumCode.java:123)  - 原始队列里的内容为：Null
20160123093321 327012 [Thread-1] INFO  com.tiancheng.mobilefront.utils.FeiMaMyThread.run(FeiMaNumCode.java:156)  - codeMap里面的内容为
20160123093326 332261 [Thread-1] INFO  com.tiancheng.mobilefront.utils.FeiMaMyThread.run(FeiMaNumCode.java:123)  - 原始队列里的内容为：Null
20160123093326 332261 [Thread-1] INFO  com.tiancheng.mobilefront.utils.FeiMaMyThread.run(FeiMaNumCode.java:156)  - codeMap里面的内容为
20160123093332 337504 [Thread-1] INFO  com.tiancheng.mobilefront.utils.FeiMaMyThread.run(FeiMaNumCode.java:123)  - 原始队列里的内容为：Null
20160123093332 337504 [Thread-1] INFO  com.tiancheng.mobilefront.utils.FeiMaMyThread.run(FeiMaNumCode.java:156)  - codeMap里面的内容为
20160123093337 342756 [Thread-1] INFO  com.tiancheng.mobilefront.utils.FeiMaMyThread.run(FeiMaNumCode.java:123)  - 原始队列里的内容为：Null
20160123093337 342756 [Thread-1] INFO  com.tiancheng.mobilefront.utils.FeiMaMyThread.run(FeiMaNumCode.java:156)  - codeMap里面的内容为
20160123093342 348004 [Thread-1] INFO  com.tiancheng.mobilefront.utils.FeiMaMyThread.run(FeiMaNumCode.java:123)  - 原始队列里的内容为：Null
20160123093342 348004 [Thread-1] INFO  com.tiancheng.mobilefront.utils.FeiMaMyThread.run(FeiMaNumCode.java:156)  - codeMap里面的内容为
20160123093347 353238 [Thread-1] INFO  com.tiancheng.mobilefront.utils.FeiMaMyThread.run(FeiMaNumCode.java:123)  - 原始队列里的内容为：Null
20160123093347 353239 [Thread-1] INFO  com.tiancheng.mobilefront.utils.FeiMaMyThread.run(FeiMaNumCode.java:156)  - codeMap里面的内容为
20160123093353 358490 [Thread-1] INFO  com.tiancheng.mobilefront.utils.FeiMaMyThread.run(FeiMaNumCode.java:123)  - 原始队列里的内容为：Null
20160123093353 358491 [Thread-1] INFO  com.tiancheng.mobilefront.utils.FeiMaMyThread.run(FeiMaNumCode.java:156)  - codeMap里面的内容为
20160123093358 363728 [Thread-1] INFO  com.tiancheng.mobilefront.utils.FeiMaMyThread.run(FeiMaNumCode.java:123)  - 原始队列里的内容为：Null
20160123093358 363728 [Thread-1] INFO  com.tiancheng.mobilefront.utils.FeiMaMyThread.run(FeiMaNumCode.java:156)  - codeMap里面的内容为
20160123093403 369054 [Thread-1] INFO  com.tiancheng.mobilefront.utils.FeiMaMyThread.run(FeiMaNumCode.java:123)  - 原始队列里的内容为：Null
20160123093403 369054 [Thread-1] INFO  com.tiancheng.mobilefront.utils.FeiMaMyThread.run(FeiMaNumCode.java:156)  - codeMap里面的内容为
20160123093408 374300 [Thread-1] INFO  com.tiancheng.mobilefront.utils.FeiMaMyThread.run(FeiMaNumCode.java:123)  - 原始队列里的内容为：Null
20160123093408 374301 [Thread-1] INFO  com.tiancheng.mobilefront.utils.FeiMaMyThread.run(FeiMaNumCode.java:156)  - codeMap里面的内容为
20160123093414 379577 [Thread-1] INFO  com.tiancheng.mobilefront.utils.FeiMaMyThread.run(FeiMaNumCode.java:123)  - 原始队列里的内容为：Null
20160123093414 379577 [Thread-1] INFO  com.tiancheng.mobilefront.utils.FeiMaMyThread.run(FeiMaNumCode.java:156)  - codeMap里面的内容为
20160123093419 384810 [Thread-1] INFO  com.tiancheng.mobilefront.utils.FeiMaMyThread.run(FeiMaNumCode.java:123)  - 原始队列里的内容为：Null
20160123093419 384810 [Thread-1] INFO  com.tiancheng.mobilefront.utils.FeiMaMyThread.run(FeiMaNumCode.java:156)  - codeMap里面的内容为
20160123093424 390051 [Thread-1] INFO  com.tiancheng.mobilefront.utils.FeiMaMyThread.run(FeiMaNumCode.java:123)  - 原始队列里的内容为：Null
20160123093424 390051 [Thread-1] INFO  com.tiancheng.mobilefront.utils.FeiMaMyThread.run(FeiMaNumCode.java:156)  - codeMap里面的内容为
20160123093429 395324 [Thread-1] INFO  com.tiancheng.mobilefront.utils.FeiMaMyThread.run(FeiMaNumCode.java:123)  - 原始队列里的内容为：Null
20160123093429 395325 [Thread-1] INFO  com.tiancheng.mobilefront.utils.FeiMaMyThread.run(FeiMaNumCode.java:156)  - codeMap里面的内容为
20160123093435 400573 [Thread-1] INFO  com.tiancheng.mobilefront.utils.FeiMaMyThread.run(FeiMaNumCode.java:123)  - 原始队列里的内容为：Null
20160123093435 400574 [Thread-1] INFO  com.tiancheng.mobilefront.utils.FeiMaMyThread.run(FeiMaNumCode.java:156)  - codeMap里面的内容为
20160123093440 405840 [Thread-1] INFO  com.tiancheng.mobilefront.utils.FeiMaMyThread.run(FeiMaNumCode.java:123)  - 原始队列里的内容为：Null
20160123093440 405841 [Thread-1] INFO  com.tiancheng.mobilefront.utils.FeiMaMyThread.run(FeiMaNumCode.java:156)  - codeMap里面的内容为
20160123093445 411108 [Thread-1] INFO  com.tiancheng.mobilefront.utils.FeiMaMyThread.run(FeiMaNumCode.java:123)  - 原始队列里的内容为：Null
20160123093445 411108 [Thread-1] INFO  com.tiancheng.mobilefront.utils.FeiMaMyThread.run(FeiMaNumCode.java:156)  - codeMap里面的内容为
20160123093451 416335 [Thread-1] INFO  com.tiancheng.mobilefront.utils.FeiMaMyThread.run(FeiMaNumCode.java:123)  - 原始队列里的内容为：Null
20160123093451 416335 [Thread-1] INFO  com.tiancheng.mobilefront.utils.FeiMaMyThread.run(FeiMaNumCode.java:156)  - codeMap里面的内容为
20160123093456 421638 [Thread-1] INFO  com.tiancheng.mobilefront.utils.FeiMaMyThread.run(FeiMaNumCode.java:123)  - 原始队列里的内容为：Null
20160123093456 421639 [Thread-1] INFO  com.tiancheng.mobilefront.utils.FeiMaMyThread.run(FeiMaNumCode.java:156)  - codeMap里面的内容为
20160123093501 426878 [Thread-1] INFO  com.tiancheng.mobilefront.utils.FeiMaMyThread.run(FeiMaNumCode.java:123)  - 原始队列里的内容为：Null
20160123093501 426879 [Thread-1] INFO  com.tiancheng.mobilefront.utils.FeiMaMyThread.run(FeiMaNumCode.java:156)  - codeMap里面的内容为
20160123093506 432140 [Thread-1] INFO  com.tiancheng.mobilefront.utils.FeiMaMyThread.run(FeiMaNumCode.java:123)  - 原始队列里的内容为：Null
20160123093506 432141 [Thread-1] INFO  com.tiancheng.mobilefront.utils.FeiMaMyThread.run(FeiMaNumCode.java:156)  - codeMap里面的内容为
20160123093512 437386 [Thread-1] INFO  com.tiancheng.mobilefront.utils.FeiMaMyThread.run(FeiMaNumCode.java:123)  - 原始队列里的内容为：Null
20160123093512 437386 [Thread-1] INFO  com.tiancheng.mobilefront.utils.FeiMaMyThread.run(FeiMaNumCode.java:156)  - codeMap里面的内容为
20160123093517 442718 [Thread-1] INFO  com.tiancheng.mobilefront.utils.FeiMaMyThread.run(FeiMaNumCode.java:123)  - 原始队列里的内容为：Null
20160123093517 442718 [Thread-1] INFO  com.tiancheng.mobilefront.utils.FeiMaMyThread.run(FeiMaNumCode.java:156)  - codeMap里面的内容为
20160123093523 448388 [Thread-1] INFO  com.tiancheng.mobilefront.utils.FeiMaMyThread.run(FeiMaNumCode.java:123)  - 原始队列里的内容为：Null
20160123093523 448388 [Thread-1] INFO  com.tiancheng.mobilefront.utils.FeiMaMyThread.run(FeiMaNumCode.java:156)  - codeMap里面的内容为
20160123093528 453640 [Thread-1] INFO  com.tiancheng.mobilefront.utils.FeiMaMyThread.run(FeiMaNumCode.java:123)  - 原始队列里的内容为：Null
20160123093528 453640 [Thread-1] INFO  com.tiancheng.mobilefront.utils.FeiMaMyThread.run(FeiMaNumCode.java:156)  - codeMap里面的内容为
20160123093533 458933 [Thread-1] INFO  com.tiancheng.mobilefront.utils.FeiMaMyThread.run(FeiMaNumCode.java:123)  - 原始队列里的内容为：Null
20160123093533 458933 [Thread-1] INFO  com.tiancheng.mobilefront.utils.FeiMaMyThread.run(FeiMaNumCode.java:156)  - codeMap里面的内容为
20160123093538 464189 [Thread-1] INFO  com.tiancheng.mobilefront.utils.FeiMaMyThread.run(FeiMaNumCode.java:123)  - 原始队列里的内容为：Null
20160123093538 464190 [Thread-1] INFO  com.tiancheng.mobilefront.utils.FeiMaMyThread.run(FeiMaNumCode.java:156)  - codeMap里面的内容为
20160123093544 469438 [Thread-1] INFO  com.tiancheng.mobilefront.utils.FeiMaMyThread.run(FeiMaNumCode.java:123)  - 原始队列里的内容为：Null
20160123093544 469439 [Thread-1] INFO  com.tiancheng.mobilefront.utils.FeiMaMyThread.run(FeiMaNumCode.java:156)  - codeMap里面的内容为
20160123093549 474724 [Thread-1] INFO  com.tiancheng.mobilefront.utils.FeiMaMyThread.run(FeiMaNumCode.java:123)  - 原始队列里的内容为：Null
20160123093549 474725 [Thread-1] INFO  com.tiancheng.mobilefront.utils.FeiMaMyThread.run(FeiMaNumCode.java:156)  - codeMap里面的内容为
20160123093554 479966 [Thread-1] INFO  com.tiancheng.mobilefront.utils.FeiMaMyThread.run(FeiMaNumCode.java:123)  - 原始队列里的内容为：Null
20160123093554 479967 [Thread-1] INFO  com.tiancheng.mobilefront.utils.FeiMaMyThread.run(FeiMaNumCode.java:156)  - codeMap里面的内容为
20160123093559 485222 [Thread-1] INFO  com.tiancheng.mobilefront.utils.FeiMaMyThread.run(FeiMaNumCode.java:123)  - 原始队列里的内容为：Null
20160123093559 485223 [Thread-1] INFO  com.tiancheng.mobilefront.utils.FeiMaMyThread.run(FeiMaNumCode.java:156)  - codeMap里面的内容为
20160123093605 490471 [Thread-1] INFO  com.tiancheng.mobilefront.utils.FeiMaMyThread.run(FeiMaNumCode.java:123)  - 原始队列里的内容为：Null
20160123093605 490471 [Thread-1] INFO  com.tiancheng.mobilefront.utils.FeiMaMyThread.run(FeiMaNumCode.java:156)  - codeMap里面的内容为
20160123093610 495830 [Thread-1] INFO  com.tiancheng.mobilefront.utils.FeiMaMyThread.run(FeiMaNumCode.java:123)  - 原始队列里的内容为：Null
20160123093610 495831 [Thread-1] INFO  com.tiancheng.mobilefront.utils.FeiMaMyThread.run(FeiMaNumCode.java:156)  - codeMap里面的内容为
20160123093615 501066 [Thread-1] INFO  com.tiancheng.mobilefront.utils.FeiMaMyThread.run(FeiMaNumCode.java:123)  - 原始队列里的内容为：Null
20160123093615 501067 [Thread-1] INFO  com.tiancheng.mobilefront.utils.FeiMaMyThread.run(FeiMaNumCode.java:156)  - codeMap里面的内容为
20160123093621 506348 [Thread-1] INFO  com.tiancheng.mobilefront.utils.FeiMaMyThread.run(FeiMaNumCode.java:123)  - 原始队列里的内容为：Null
20160123093621 506349 [Thread-1] INFO  com.tiancheng.mobilefront.utils.FeiMaMyThread.run(FeiMaNumCode.java:156)  - codeMap里面的内容为
20160123093626 511596 [Thread-1] INFO  com.tiancheng.mobilefront.utils.FeiMaMyThread.run(FeiMaNumCode.java:123)  - 原始队列里的内容为：Null
20160123093626 511596 [Thread-1] INFO  com.tiancheng.mobilefront.utils.FeiMaMyThread.run(FeiMaNumCode.java:156)  - codeMap里面的内容为
20160123093631 516854 [Thread-1] INFO  com.tiancheng.mobilefront.utils.FeiMaMyThread.run(FeiMaNumCode.java:123)  - 原始队列里的内容为：Null
20160123093631 516854 [Thread-1] INFO  com.tiancheng.mobilefront.utils.FeiMaMyThread.run(FeiMaNumCode.java:156)  - codeMap里面的内容为
20160123093636 522111 [Thread-1] INFO  com.tiancheng.mobilefront.utils.FeiMaMyThread.run(FeiMaNumCode.java:123)  - 原始队列里的内容为：Null
20160123093636 522111 [Thread-1] INFO  com.tiancheng.mobilefront.utils.FeiMaMyThread.run(FeiMaNumCode.java:156)  - codeMap里面的内容为
20160123093642 527362 [Thread-1] INFO  com.tiancheng.mobilefront.utils.FeiMaMyThread.run(FeiMaNumCode.java:123)  - 原始队列里的内容为：Null
20160123093642 527363 [Thread-1] INFO  com.tiancheng.mobilefront.utils.FeiMaMyThread.run(FeiMaNumCode.java:156)  - codeMap里面的内容为
20160123093647 532627 [Thread-1] INFO  com.tiancheng.mobilefront.utils.FeiMaMyThread.run(FeiMaNumCode.java:123)  - 原始队列里的内容为：Null
20160123093647 532628 [Thread-1] INFO  com.tiancheng.mobilefront.utils.FeiMaMyThread.run(FeiMaNumCode.java:156)  - codeMap里面的内容为
20160123093652 537898 [Thread-1] INFO  com.tiancheng.mobilefront.utils.FeiMaMyThread.run(FeiMaNumCode.java:123)  - 原始队列里的内容为：Null
20160123093652 537898 [Thread-1] INFO  com.tiancheng.mobilefront.utils.FeiMaMyThread.run(FeiMaNumCode.java:156)  - codeMap里面的内容为
20160123093657 543175 [Thread-1] INFO  com.tiancheng.mobilefront.utils.FeiMaMyThread.run(FeiMaNumCode.java:123)  - 原始队列里的内容为：Null
20160123093657 543175 [Thread-1] INFO  com.tiancheng.mobilefront.utils.FeiMaMyThread.run(FeiMaNumCode.java:156)  - codeMap里面的内容为
20160123093703 548423 [Thread-1] INFO  com.tiancheng.mobilefront.utils.FeiMaMyThread.run(FeiMaNumCode.java:123)  - 原始队列里的内容为：Null
20160123093703 548423 [Thread-1] INFO  com.tiancheng.mobilefront.utils.FeiMaMyThread.run(FeiMaNumCode.java:156)  - codeMap里面的内容为
20160123093720 0    [main] INFO  com.tiancheng.mobilefront.utils.FeiMaNumCode.get599PhoneNum(FeiMaNumCode.java:65)  - phonenum=13064731805;
20160123093725 5077 [Thread-1] INFO  com.tiancheng.mobilefront.utils.FeiMaMyThread.run(FeiMaNumCode.java:123)  - 原始队列里的内容为：NOTION&针对平台近期出现不法分子攻击,已经恢复正常使用,谢谢大家的支持与理解 .有问题联系客服QQ:89918376 ,89918377[End]
20160123093725 5077 [Thread-1] INFO  com.tiancheng.mobilefront.utils.FeiMaMyThread.run(FeiMaNumCode.java:156)  - codeMap里面的内容为
20160123093731 10331 [Thread-1] INFO  com.tiancheng.mobilefront.utils.FeiMaMyThread.run(FeiMaNumCode.java:123)  - 原始队列里的内容为：Null
20160123093731 10331 [Thread-1] INFO  com.tiancheng.mobilefront.utils.FeiMaMyThread.run(FeiMaNumCode.java:156)  - codeMap里面的内容为
20160123093736 15565 [Thread-1] INFO  com.tiancheng.mobilefront.utils.FeiMaMyThread.run(FeiMaNumCode.java:123)  - 原始队列里的内容为：Null
20160123093736 15568 [Thread-1] INFO  com.tiancheng.mobilefront.utils.FeiMaMyThread.run(FeiMaNumCode.java:156)  - codeMap里面的内容为
20160123093741 20858 [Thread-1] INFO  com.tiancheng.mobilefront.utils.FeiMaMyThread.run(FeiMaNumCode.java:123)  - 原始队列里的内容为：MSG&17693&13064731805&验证码：137078,欢迎加入智慧树，请在30分钟内完成验证。【智慧树】[End]RES&17693&13064731805[End]
20160123093741 20953 [Thread-1] INFO  com.tiancheng.mobilefront.utils.FeiMaMyThread.run(FeiMaNumCode.java:146)  - DingdkjNumCode里的内容为,phoneNum=13064731805phoneCode=137078
20160123093742 21954 [Thread-1] INFO  com.tiancheng.mobilefront.utils.FeiMaMyThread.run(FeiMaNumCode.java:156)  - codeMap里面的内容为
20160123093742 21967 [Thread-1] INFO  com.tiancheng.mobilefront.utils.FeiMaMyThread.run(FeiMaNumCode.java:159)  - Key = 13064731805, Value = 137078
20160123093749 28825 [Thread-1] INFO  com.tiancheng.mobilefront.utils.FeiMaMyThread.run(FeiMaNumCode.java:123)  - 原始队列里的内容为：USER&1&10&30&10&1&0[End]
20160123093749 28825 [Thread-1] INFO  com.tiancheng.mobilefront.utils.FeiMaMyThread.run(FeiMaNumCode.java:156)  - codeMap里面的内容为
20160123093749 28826 [Thread-1] INFO  com.tiancheng.mobilefront.utils.FeiMaMyThread.run(FeiMaNumCode.java:159)  - Key = 13064731805, Value = 137078
20160123093754 34109 [Thread-1] INFO  com.tiancheng.mobilefront.utils.FeiMaMyThread.run(FeiMaNumCode.java:123)  - 原始队列里的内容为：Null
20160123093754 34109 [Thread-1] INFO  com.tiancheng.mobilefront.utils.FeiMaMyThread.run(FeiMaNumCode.java:156)  - codeMap里面的内容为
20160123093754 34111 [Thread-1] INFO  com.tiancheng.mobilefront.utils.FeiMaMyThread.run(FeiMaNumCode.java:159)  - Key = 13064731805, Value = 137078
20160123093800 39377 [Thread-1] INFO  com.tiancheng.mobilefront.utils.FeiMaMyThread.run(FeiMaNumCode.java:123)  - 原始队列里的内容为：Null
20160123093800 39377 [Thread-1] INFO  com.tiancheng.mobilefront.utils.FeiMaMyThread.run(FeiMaNumCode.java:156)  - codeMap里面的内容为
20160123093800 39377 [Thread-1] INFO  com.tiancheng.mobilefront.utils.FeiMaMyThread.run(FeiMaNumCode.java:159)  - Key = 13064731805, Value = 137078
20160123093805 44625 [Thread-1] INFO  com.tiancheng.mobilefront.utils.FeiMaMyThread.run(FeiMaNumCode.java:123)  - 原始队列里的内容为：Null
20160123093805 44626 [Thread-1] INFO  com.tiancheng.mobilefront.utils.FeiMaMyThread.run(FeiMaNumCode.java:156)  - codeMap里面的内容为
20160123093805 44626 [Thread-1] INFO  com.tiancheng.mobilefront.utils.FeiMaMyThread.run(FeiMaNumCode.java:159)  - Key = 13064731805, Value = 137078
20160123195257 1    [Thread-1] INFO  com.tiancheng.mobilefront.utils.FeiMaMyThread.run(FeiMaNumCode.java:126)  - 原始队列里的内容为：NOTION&针对平台近期出现不法分子攻击,已经恢复正常使用,谢谢大家的支持与理解 .有问题联系客服QQ:89918376 ,89918377[End]
20160123195257 27   [Thread-1] INFO  com.tiancheng.mobilefront.utils.FeiMaMyThread.run(FeiMaNumCode.java:159)  - codeMap里面的内容为
20160123195303 5285 [Thread-1] INFO  com.tiancheng.mobilefront.utils.FeiMaMyThread.run(FeiMaNumCode.java:126)  - 原始队列里的内容为：Null
20160123195303 5286 [Thread-1] INFO  com.tiancheng.mobilefront.utils.FeiMaMyThread.run(FeiMaNumCode.java:159)  - codeMap里面的内容为
20160123195308 10740 [Thread-1] INFO  com.tiancheng.mobilefront.utils.FeiMaMyThread.run(FeiMaNumCode.java:126)  - 原始队列里的内容为：Null
20160123195308 10740 [Thread-1] INFO  com.tiancheng.mobilefront.utils.FeiMaMyThread.run(FeiMaNumCode.java:159)  - codeMap里面的内容为
20160123195313 15993 [Thread-1] INFO  com.tiancheng.mobilefront.utils.FeiMaMyThread.run(FeiMaNumCode.java:126)  - 原始队列里的内容为：Null
20160123195313 15993 [Thread-1] INFO  com.tiancheng.mobilefront.utils.FeiMaMyThread.run(FeiMaNumCode.java:159)  - codeMap里面的内容为
20160123195320 22296 [Thread-1] INFO  com.tiancheng.mobilefront.utils.FeiMaMyThread.run(FeiMaNumCode.java:126)  - 原始队列里的内容为：Null
20160123195320 22296 [Thread-1] INFO  com.tiancheng.mobilefront.utils.FeiMaMyThread.run(FeiMaNumCode.java:159)  - codeMap里面的内容为
